05/06 09:58:18.548   INFO [WrapperSimpleAppMain] (MycatServer.java:156) -===============================================
05/06 09:58:18.548   INFO [WrapperSimpleAppMain] (MycatServer.java:157) -MyCat is ready to startup ...
05/06 09:58:18.558   INFO [WrapperSimpleAppMain] (MycatServer.java:168) -Startup processors ...,total processors:2,aio thread pool size:2    
 each process allocated socket buffer pool  bytes ,buffer chunk size:4096  buffer pool's capacity(buferPool/bufferChunk) is:2000
05/06 09:58:18.558   INFO [WrapperSimpleAppMain] (MycatServer.java:169) -sysconfig params:SystemConfig [serverPort=8066, managerPort=9066, charset=UTF-8, processors=2, processorExecutor=2, timerExecutor=2, managerExecutor=2, idleTimeout=1800000, processorCheckPeriod=1000, dataNodeIdleCheckPeriod=300000, dataNodeHeartbeatPeriod=10000, clusterHeartbeatUser=_HEARTBEAT_USER_, clusterHeartbeatPass=_HEARTBEAT_PASS_, clusterHeartbeatPeriod=5000, clusterHeartbeatTimeout=10000, clusterHeartbeatRetry=10, txIsolation=3, parserCommentVersion=50148, sqlRecordCount=10, waitTimeout=10000, openWRFluxControl=0, processorBufferPool=8192000, processorBufferChunk=4096]
05/06 09:58:18.558   INFO [WrapperSimpleAppMain] (MycatServer.java:176) -Initialize dataHost ...
05/06 09:58:18.558   INFO [WrapperSimpleAppMain] (PhysicalDBPool.java:266) -init backend myqsl source ,create connections total 10 for hostM1 index :0
05/06 09:58:18.600   INFO [WrapperSimpleAppMain] (PhysicalDatasource.java:412) -not ilde connection in pool,create new connection for hostM1
05/06 09:58:18.630   INFO [WrapperSimpleAppMain] (PhysicalDatasource.java:412) -not ilde connection in pool,create new connection for hostM1
05/06 09:58:18.630   INFO [WrapperSimpleAppMain] (PhysicalDatasource.java:412) -not ilde connection in pool,create new connection for hostM1
05/06 09:58:18.640   INFO [WrapperSimpleAppMain] (PhysicalDatasource.java:412) -not ilde connection in pool,create new connection for hostM1
05/06 09:58:18.640   INFO [WrapperSimpleAppMain] (PhysicalDatasource.java:412) -not ilde connection in pool,create new connection for hostM1
05/06 09:58:18.640   INFO [WrapperSimpleAppMain] (PhysicalDatasource.java:412) -not ilde connection in pool,create new connection for hostM1
05/06 09:58:18.640   INFO [WrapperSimpleAppMain] (PhysicalDatasource.java:412) -not ilde connection in pool,create new connection for hostM1
05/06 09:58:18.640   INFO [WrapperSimpleAppMain] (PhysicalDatasource.java:412) -not ilde connection in pool,create new connection for hostM1
05/06 09:58:18.640   INFO [WrapperSimpleAppMain] (PhysicalDatasource.java:412) -not ilde connection in pool,create new connection for hostM1
05/06 09:58:18.650   INFO [WrapperSimpleAppMain] (PhysicalDatasource.java:412) -not ilde connection in pool,create new connection for hostM1
05/06 09:58:19.758   WARN [AIOExecutor1] (GetConnectionHandler.java:73) -connect error MySQLConnection [id=0, isRunning=false, lastTime=1399341498558, schema=, borrowed=false, fromSlaveDB=false, threadId=0, charset=null, txIsolation=0, autocommit=true, attachment=null, respHandler=null, host=localhost, port=3306, statusSync=null, writeQueue=0, suppressReadTemporay=false, modifiedSQLExecuted=false]java.io.IOException: 远程计算机拒绝网络连接。

05/06 09:58:19.773   WARN [AIOExecutor1] (GetConnectionHandler.java:73) -connect error MySQLConnection [id=0, isRunning=false, lastTime=1399341498558, schema=, borrowed=false, fromSlaveDB=false, threadId=0, charset=null, txIsolation=0, autocommit=true, attachment=null, respHandler=null, host=localhost, port=3306, statusSync=null, writeQueue=0, suppressReadTemporay=false, modifiedSQLExecuted=false]java.io.IOException: 远程计算机拒绝网络连接。

05/06 09:58:19.773   WARN [AIOExecutor1] (GetConnectionHandler.java:73) -connect error MySQLConnection [id=0, isRunning=false, lastTime=1399341498558, schema=, borrowed=false, fromSlaveDB=false, threadId=0, charset=null, txIsolation=0, autocommit=true, attachment=null, respHandler=null, host=localhost, port=3306, statusSync=null, writeQueue=0, suppressReadTemporay=false, modifiedSQLExecuted=false]java.io.IOException: 远程计算机拒绝网络连接。

05/06 09:58:19.773   WARN [AIOExecutor1] (GetConnectionHandler.java:73) -connect error MySQLConnection [id=0, isRunning=false, lastTime=1399341498558, schema=, borrowed=false, fromSlaveDB=false, threadId=0, charset=null, txIsolation=0, autocommit=true, attachment=null, respHandler=null, host=localhost, port=3306, statusSync=null, writeQueue=0, suppressReadTemporay=false, modifiedSQLExecuted=false]java.io.IOException: 远程计算机拒绝网络连接。

05/06 09:58:19.773   WARN [AIOExecutor1] (GetConnectionHandler.java:73) -connect error MySQLConnection [id=0, isRunning=false, lastTime=1399341498558, schema=, borrowed=false, fromSlaveDB=false, threadId=0, charset=null, txIsolation=0, autocommit=true, attachment=null, respHandler=null, host=localhost, port=3306, statusSync=null, writeQueue=0, suppressReadTemporay=false, modifiedSQLExecuted=false]java.io.IOException: 远程计算机拒绝网络连接。

05/06 09:58:19.773   WARN [AIOExecutor1] (GetConnectionHandler.java:73) -connect error MySQLConnection [id=0, isRunning=false, lastTime=1399341498558, schema=, borrowed=false, fromSlaveDB=false, threadId=0, charset=null, txIsolation=0, autocommit=true, attachment=null, respHandler=null, host=localhost, port=3306, statusSync=null, writeQueue=0, suppressReadTemporay=false, modifiedSQLExecuted=false]java.io.IOException: 远程计算机拒绝网络连接。

05/06 09:58:19.773   WARN [AIOExecutor1] (GetConnectionHandler.java:73) -connect error MySQLConnection [id=0, isRunning=false, lastTime=1399341498558, schema=, borrowed=false, fromSlaveDB=false, threadId=0, charset=null, txIsolation=0, autocommit=true, attachment=null, respHandler=null, host=localhost, port=3306, statusSync=null, writeQueue=0, suppressReadTemporay=false, modifiedSQLExecuted=false]java.io.IOException: 远程计算机拒绝网络连接。

05/06 09:58:19.773   WARN [AIOExecutor1] (GetConnectionHandler.java:73) -connect error MySQLConnection [id=0, isRunning=false, lastTime=1399341498558, schema=, borrowed=false, fromSlaveDB=false, threadId=0, charset=null, txIsolation=0, autocommit=true, attachment=null, respHandler=null, host=localhost, port=3306, statusSync=null, writeQueue=0, suppressReadTemporay=false, modifiedSQLExecuted=false]java.io.IOException: 远程计算机拒绝网络连接。

05/06 09:58:19.773   WARN [AIOExecutor1] (GetConnectionHandler.java:73) -connect error MySQLConnection [id=0, isRunning=false, lastTime=1399341498558, schema=, borrowed=false, fromSlaveDB=false, threadId=0, charset=null, txIsolation=0, autocommit=true, attachment=null, respHandler=null, host=localhost, port=3306, statusSync=null, writeQueue=0, suppressReadTemporay=false, modifiedSQLExecuted=false]java.io.IOException: 远程计算机拒绝网络连接。

05/06 09:58:19.773   WARN [AIOExecutor0] (GetConnectionHandler.java:73) -connect error MySQLConnection [id=0, isRunning=false, lastTime=1399341498558, schema=, borrowed=false, fromSlaveDB=false, threadId=0, charset=null, txIsolation=0, autocommit=true, attachment=null, respHandler=null, host=localhost, port=3306, statusSync=null, writeQueue=0, suppressReadTemporay=false, modifiedSQLExecuted=false]java.io.IOException: 远程计算机拒绝网络连接。

05/06 09:58:19.867   INFO [WrapperSimpleAppMain] (PhysicalDBPool.java:293) -init result :finished 10 success 0 target count:10
05/06 09:58:19.867  ERROR [WrapperSimpleAppMain] (PhysicalDBPool.java:251) -#!MyCat#localhost1 init failure
05/06 09:58:19.883   INFO [WrapperSimpleAppMain] (MycatServer.java:201) -MyCatManager is started and listening on 9066
05/06 09:58:19.883   INFO [WrapperSimpleAppMain] (MycatServer.java:213) -MyCatServer is started and listening on 8066
05/06 09:58:19.883   INFO [WrapperSimpleAppMain] (MycatServer.java:215) -===============================================
05/06 09:58:20.912   INFO [AIOExecutor1] (AbstractConnection.java:361) -close connection,reason:hearbeat connecterr [thread=AIOExecutor1,class=MySQLDetector,host=localhost,port=3306,localPort=0,schema=null]
05/06 09:58:21.942   INFO [AIOExecutor0] (AbstractConnection.java:361) -close connection,reason:hearbeat connecterr [thread=AIOExecutor0,class=MySQLDetector,host=localhost,port=3306,localPort=0,schema=null]
05/06 09:58:22.971   INFO [AIOExecutor1] (AbstractConnection.java:361) -close connection,reason:hearbeat connecterr [thread=AIOExecutor1,class=MySQLDetector,host=localhost,port=3306,localPort=0,schema=null]
05/06 09:58:24.001   INFO [AIOExecutor0] (AbstractConnection.java:361) -close connection,reason:hearbeat connecterr [thread=AIOExecutor0,class=MySQLDetector,host=localhost,port=3306,localPort=0,schema=null]
05/06 09:58:25.031   INFO [AIOExecutor1] (AbstractConnection.java:361) -close connection,reason:hearbeat connecterr [thread=AIOExecutor1,class=MySQLDetector,host=localhost,port=3306,localPort=0,schema=null]
05/06 09:58:30.959   INFO [AIOExecutor0] (AbstractConnection.java:361) -close connection,reason:hearbeat connecterr [thread=AIOExecutor0,class=MySQLDetector,host=localhost,port=3306,localPort=0,schema=null]
05/06 09:58:31.957   INFO [AIOExecutor1] (AbstractConnection.java:361) -close connection,reason:hearbeat connecterr [thread=AIOExecutor1,class=MySQLDetector,host=localhost,port=3306,localPort=0,schema=null]
05/06 09:58:33.049   INFO [AIOExecutor0] (AbstractConnection.java:361) -close connection,reason:hearbeat connecterr [thread=AIOExecutor0,class=MySQLDetector,host=localhost,port=3306,localPort=0,schema=null]
05/06 09:58:34.047   INFO [AIOExecutor1] (AbstractConnection.java:361) -close connection,reason:hearbeat connecterr [thread=AIOExecutor1,class=MySQLDetector,host=localhost,port=3306,localPort=0,schema=null]
05/06 09:58:35.046   INFO [AIOExecutor0] (AbstractConnection.java:361) -close connection,reason:hearbeat connecterr [thread=AIOExecutor0,class=MySQLDetector,host=localhost,port=3306,localPort=0,schema=null]
05/06 09:58:40.943   INFO [AIOExecutor1] (AbstractConnection.java:361) -close connection,reason:hearbeat connecterr [thread=AIOExecutor1,class=MySQLDetector,host=localhost,port=3306,localPort=0,schema=null]
05/06 09:58:41.972   INFO [AIOExecutor0] (AbstractConnection.java:361) -close connection,reason:hearbeat connecterr [thread=AIOExecutor0,class=MySQLDetector,host=localhost,port=3306,localPort=0,schema=null]
05/06 09:58:43.033   INFO [AIOExecutor1] (AbstractConnection.java:361) -close connection,reason:hearbeat connecterr [thread=AIOExecutor1,class=MySQLDetector,host=localhost,port=3306,localPort=0,schema=null]
05/06 09:58:44.063   INFO [AIOExecutor0] (AbstractConnection.java:361) -close connection,reason:hearbeat connecterr [thread=AIOExecutor0,class=MySQLDetector,host=localhost,port=3306,localPort=0,schema=null]
05/06 09:58:45.092   INFO [AIOExecutor1] (AbstractConnection.java:361) -close connection,reason:hearbeat connecterr [thread=AIOExecutor1,class=MySQLDetector,host=localhost,port=3306,localPort=0,schema=null]
05/06 09:58:50.958   INFO [AIOExecutor0] (AbstractConnection.java:361) -close connection,reason:hearbeat connecterr [thread=AIOExecutor0,class=MySQLDetector,host=localhost,port=3306,localPort=0,schema=null]
05/06 09:58:51.972   INFO [AIOExecutor1] (AbstractConnection.java:361) -close connection,reason:hearbeat connecterr [thread=AIOExecutor1,class=MySQLDetector,host=localhost,port=3306,localPort=0,schema=null]
05/06 09:58:53.001   INFO [AIOExecutor0] (AbstractConnection.java:361) -close connection,reason:hearbeat connecterr [thread=AIOExecutor0,class=MySQLDetector,host=localhost,port=3306,localPort=0,schema=null]
05/06 09:58:54.031   INFO [AIOExecutor1] (AbstractConnection.java:361) -close connection,reason:hearbeat connecterr [thread=AIOExecutor1,class=MySQLDetector,host=localhost,port=3306,localPort=0,schema=null]
05/06 09:58:55.061   INFO [AIOExecutor0] (AbstractConnection.java:361) -close connection,reason:hearbeat connecterr [thread=AIOExecutor0,class=MySQLDetector,host=localhost,port=3306,localPort=0,schema=null]
05/06 09:59:00.989   INFO [AIOExecutor1] (AbstractConnection.java:361) -close connection,reason:hearbeat connecterr [thread=AIOExecutor1,class=MySQLDetector,host=localhost,port=3306,localPort=0,schema=null]
05/06 09:59:02.003   INFO [AIOExecutor0] (AbstractConnection.java:361) -close connection,reason:hearbeat connecterr [thread=AIOExecutor0,class=MySQLDetector,host=localhost,port=3306,localPort=0,schema=null]
05/06 09:59:03.032   INFO [AIOExecutor1] (AbstractConnection.java:361) -close connection,reason:hearbeat connecterr [thread=AIOExecutor1,class=MySQLDetector,host=localhost,port=3306,localPort=0,schema=null]
05/06 09:59:04.062   INFO [AIOExecutor0] (AbstractConnection.java:361) -close connection,reason:hearbeat connecterr [thread=AIOExecutor0,class=MySQLDetector,host=localhost,port=3306,localPort=0,schema=null]
05/06 09:59:05.091   INFO [AIOExecutor1] (AbstractConnection.java:361) -close connection,reason:hearbeat connecterr [thread=AIOExecutor1,class=MySQLDetector,host=localhost,port=3306,localPort=0,schema=null]
05/06 09:59:10.973   INFO [AIOExecutor0] (AbstractConnection.java:361) -close connection,reason:hearbeat connecterr [thread=AIOExecutor0,class=MySQLDetector,host=localhost,port=3306,localPort=0,schema=null]
05/06 09:59:12.002   INFO [AIOExecutor1] (AbstractConnection.java:361) -close connection,reason:hearbeat connecterr [thread=AIOExecutor1,class=MySQLDetector,host=localhost,port=3306,localPort=0,schema=null]
05/06 09:59:13.032   INFO [AIOExecutor0] (AbstractConnection.java:361) -close connection,reason:hearbeat connecterr [thread=AIOExecutor0,class=MySQLDetector,host=localhost,port=3306,localPort=0,schema=null]
05/06 09:59:14.061   INFO [AIOExecutor1] (AbstractConnection.java:361) -close connection,reason:hearbeat connecterr [thread=AIOExecutor1,class=MySQLDetector,host=localhost,port=3306,localPort=0,schema=null]
05/06 09:59:15.091   INFO [AIOExecutor0] (AbstractConnection.java:361) -close connection,reason:hearbeat connecterr [thread=AIOExecutor0,class=MySQLDetector,host=localhost,port=3306,localPort=0,schema=null]
05/06 09:59:21.003   INFO [AIOExecutor1] (AbstractConnection.java:361) -close connection,reason:hearbeat connecterr [thread=AIOExecutor1,class=MySQLDetector,host=localhost,port=3306,localPort=0,schema=null]
05/06 09:59:22.033   INFO [AIOExecutor0] (AbstractConnection.java:361) -close connection,reason:hearbeat connecterr [thread=AIOExecutor0,class=MySQLDetector,host=localhost,port=3306,localPort=0,schema=null]
05/06 09:59:23.063   INFO [AIOExecutor1] (AbstractConnection.java:361) -close connection,reason:hearbeat connecterr [thread=AIOExecutor1,class=MySQLDetector,host=localhost,port=3306,localPort=0,schema=null]
05/06 09:59:24.092   INFO [AIOExecutor0] (AbstractConnection.java:361) -close connection,reason:hearbeat connecterr [thread=AIOExecutor0,class=MySQLDetector,host=localhost,port=3306,localPort=0,schema=null]
05/06 09:59:25.122   INFO [AIOExecutor1] (AbstractConnection.java:361) -close connection,reason:hearbeat connecterr [thread=AIOExecutor1,class=MySQLDetector,host=localhost,port=3306,localPort=0,schema=null]
05/06 09:59:31.003   INFO [AIOExecutor0] (AbstractConnection.java:361) -close connection,reason:hearbeat connecterr [thread=AIOExecutor0,class=MySQLDetector,host=localhost,port=3306,localPort=0,schema=null]
05/06 09:59:32.033   INFO [AIOExecutor1] (AbstractConnection.java:361) -close connection,reason:hearbeat connecterr [thread=AIOExecutor1,class=MySQLDetector,host=localhost,port=3306,localPort=0,schema=null]
05/06 09:59:33.062   INFO [AIOExecutor0] (AbstractConnection.java:361) -close connection,reason:hearbeat connecterr [thread=AIOExecutor0,class=MySQLDetector,host=localhost,port=3306,localPort=0,schema=null]
05/06 09:59:34.092   INFO [AIOExecutor1] (AbstractConnection.java:361) -close connection,reason:hearbeat connecterr [thread=AIOExecutor1,class=MySQLDetector,host=localhost,port=3306,localPort=0,schema=null]
05/06 09:59:35.121   INFO [AIOExecutor0] (AbstractConnection.java:361) -close connection,reason:hearbeat connecterr [thread=AIOExecutor0,class=MySQLDetector,host=localhost,port=3306,localPort=0,schema=null]
05/06 09:59:41.034   INFO [AIOExecutor1] (AbstractConnection.java:361) -close connection,reason:hearbeat connecterr [thread=AIOExecutor1,class=MySQLDetector,host=localhost,port=3306,localPort=0,schema=null]
05/06 09:59:42.048   INFO [AIOExecutor0] (AbstractConnection.java:361) -close connection,reason:hearbeat connecterr [thread=AIOExecutor0,class=MySQLDetector,host=localhost,port=3306,localPort=0,schema=null]
05/06 09:59:43.062   INFO [AIOExecutor1] (AbstractConnection.java:361) -close connection,reason:hearbeat connecterr [thread=AIOExecutor1,class=MySQLDetector,host=localhost,port=3306,localPort=0,schema=null]
05/06 09:59:44.091   INFO [AIOExecutor0] (AbstractConnection.java:361) -close connection,reason:hearbeat connecterr [thread=AIOExecutor0,class=MySQLDetector,host=localhost,port=3306,localPort=0,schema=null]
05/06 09:59:45.121   INFO [AIOExecutor1] (AbstractConnection.java:361) -close connection,reason:hearbeat connecterr [thread=AIOExecutor1,class=MySQLDetector,host=localhost,port=3306,localPort=0,schema=null]
05/06 09:59:51.034   INFO [AIOExecutor0] (AbstractConnection.java:361) -close connection,reason:hearbeat connecterr [thread=AIOExecutor0,class=MySQLDetector,host=localhost,port=3306,localPort=0,schema=null]
05/06 09:59:52.063   INFO [AIOExecutor1] (AbstractConnection.java:361) -close connection,reason:hearbeat connecterr [thread=AIOExecutor1,class=MySQLDetector,host=localhost,port=3306,localPort=0,schema=null]
05/06 09:59:53.093   INFO [AIOExecutor0] (AbstractConnection.java:361) -close connection,reason:hearbeat connecterr [thread=AIOExecutor0,class=MySQLDetector,host=localhost,port=3306,localPort=0,schema=null]
05/06 09:59:54.122   INFO [AIOExecutor1] (AbstractConnection.java:361) -close connection,reason:hearbeat connecterr [thread=AIOExecutor1,class=MySQLDetector,host=localhost,port=3306,localPort=0,schema=null]
05/06 09:59:55.152   INFO [AIOExecutor0] (AbstractConnection.java:361) -close connection,reason:hearbeat connecterr [thread=AIOExecutor0,class=MySQLDetector,host=localhost,port=3306,localPort=0,schema=null]
05/06 10:00:01.033   INFO [AIOExecutor1] (AbstractConnection.java:361) -close connection,reason:hearbeat connecterr [thread=AIOExecutor1,class=MySQLDetector,host=localhost,port=3306,localPort=0,schema=null]
05/06 10:00:02.063   INFO [AIOExecutor0] (AbstractConnection.java:361) -close connection,reason:hearbeat connecterr [thread=AIOExecutor0,class=MySQLDetector,host=localhost,port=3306,localPort=0,schema=null]
05/06 10:00:03.092   INFO [AIOExecutor1] (AbstractConnection.java:361) -close connection,reason:hearbeat connecterr [thread=AIOExecutor1,class=MySQLDetector,host=localhost,port=3306,localPort=0,schema=null]
05/06 10:00:04.122   INFO [AIOExecutor0] (AbstractConnection.java:361) -close connection,reason:hearbeat connecterr [thread=AIOExecutor0,class=MySQLDetector,host=localhost,port=3306,localPort=0,schema=null]
05/06 10:00:05.152   INFO [AIOExecutor1] (AbstractConnection.java:361) -close connection,reason:hearbeat connecterr [thread=AIOExecutor1,class=MySQLDetector,host=localhost,port=3306,localPort=0,schema=null]
05/06 10:00:11.064   INFO [AIOExecutor0] (AbstractConnection.java:361) -close connection,reason:hearbeat connecterr [thread=AIOExecutor0,class=MySQLDetector,host=localhost,port=3306,localPort=0,schema=null]
05/06 10:00:12.078   INFO [AIOExecutor1] (AbstractConnection.java:361) -close connection,reason:hearbeat connecterr [thread=AIOExecutor1,class=MySQLDetector,host=localhost,port=3306,localPort=0,schema=null]
05/06 10:00:13.108   INFO [AIOExecutor0] (AbstractConnection.java:361) -close connection,reason:hearbeat connecterr [thread=AIOExecutor0,class=MySQLDetector,host=localhost,port=3306,localPort=0,schema=null]
05/06 10:00:14.122   INFO [AIOExecutor1] (AbstractConnection.java:361) -close connection,reason:hearbeat connecterr [thread=AIOExecutor1,class=MySQLDetector,host=localhost,port=3306,localPort=0,schema=null]
05/06 10:00:15.136   INFO [AIOExecutor0] (AbstractConnection.java:361) -close connection,reason:hearbeat connecterr [thread=AIOExecutor0,class=MySQLDetector,host=localhost,port=3306,localPort=0,schema=null]
05/06 10:00:21.061   INFO [AIOExecutor1] (AbstractConnection.java:361) -close connection,reason:hearbeat connecterr [thread=AIOExecutor1,class=MySQLDetector,host=localhost,port=3306,localPort=0,schema=null]
05/06 10:00:22.070   INFO [AIOExecutor0] (AbstractConnection.java:361) -close connection,reason:hearbeat connecterr [thread=AIOExecutor0,class=MySQLDetector,host=localhost,port=3306,localPort=0,schema=null]
05/06 10:00:23.108   INFO [AIOExecutor1] (AbstractConnection.java:361) -close connection,reason:hearbeat connecterr [thread=AIOExecutor1,class=MySQLDetector,host=localhost,port=3306,localPort=0,schema=null]
05/06 10:00:24.122   INFO [AIOExecutor0] (AbstractConnection.java:361) -close connection,reason:hearbeat connecterr [thread=AIOExecutor0,class=MySQLDetector,host=localhost,port=3306,localPort=0,schema=null]
05/06 10:00:25.136   INFO [AIOExecutor1] (AbstractConnection.java:361) -close connection,reason:hearbeat connecterr [thread=AIOExecutor1,class=MySQLDetector,host=localhost,port=3306,localPort=0,schema=null]
05/06 10:00:31.048   INFO [AIOExecutor0] (AbstractConnection.java:361) -close connection,reason:hearbeat connecterr [thread=AIOExecutor0,class=MySQLDetector,host=localhost,port=3306,localPort=0,schema=null]
05/06 10:00:32.078   INFO [AIOExecutor1] (AbstractConnection.java:361) -close connection,reason:hearbeat connecterr [thread=AIOExecutor1,class=MySQLDetector,host=localhost,port=3306,localPort=0,schema=null]
05/06 10:00:33.107   INFO [AIOExecutor0] (AbstractConnection.java:361) -close connection,reason:hearbeat connecterr [thread=AIOExecutor0,class=MySQLDetector,host=localhost,port=3306,localPort=0,schema=null]
05/06 10:00:34.137   INFO [AIOExecutor1] (AbstractConnection.java:361) -close connection,reason:hearbeat connecterr [thread=AIOExecutor1,class=MySQLDetector,host=localhost,port=3306,localPort=0,schema=null]
05/06 10:00:35.166   INFO [AIOExecutor0] (AbstractConnection.java:361) -close connection,reason:hearbeat connecterr [thread=AIOExecutor0,class=MySQLDetector,host=localhost,port=3306,localPort=0,schema=null]
05/06 10:00:41.050   INFO [AIOExecutor1] (AbstractConnection.java:361) -close connection,reason:hearbeat connecterr [thread=AIOExecutor1,class=MySQLDetector,host=localhost,port=3306,localPort=0,schema=null]
05/06 10:00:42.080   INFO [AIOExecutor0] (AbstractConnection.java:361) -close connection,reason:hearbeat connecterr [thread=AIOExecutor0,class=MySQLDetector,host=localhost,port=3306,localPort=0,schema=null]
05/06 10:00:43.094   INFO [AIOExecutor1] (AbstractConnection.java:361) -close connection,reason:hearbeat connecterr [thread=AIOExecutor1,class=MySQLDetector,host=localhost,port=3306,localPort=0,schema=null]
05/06 10:00:44.123   INFO [AIOExecutor0] (AbstractConnection.java:361) -close connection,reason:hearbeat connecterr [thread=AIOExecutor0,class=MySQLDetector,host=localhost,port=3306,localPort=0,schema=null]
05/06 10:00:45.147   INFO [AIOExecutor1] (AbstractConnection.java:361) -close connection,reason:hearbeat connecterr [thread=AIOExecutor1,class=MySQLDetector,host=localhost,port=3306,localPort=0,schema=null]
05/06 10:00:51.081   INFO [AIOExecutor0] (AbstractConnection.java:361) -close connection,reason:hearbeat connecterr [thread=AIOExecutor0,class=MySQLDetector,host=localhost,port=3306,localPort=0,schema=null]
05/06 10:00:52.095   INFO [AIOExecutor1] (AbstractConnection.java:361) -close connection,reason:hearbeat connecterr [thread=AIOExecutor1,class=MySQLDetector,host=localhost,port=3306,localPort=0,schema=null]
05/06 10:00:53.125   INFO [AIOExecutor0] (AbstractConnection.java:361) -close connection,reason:hearbeat connecterr [thread=AIOExecutor0,class=MySQLDetector,host=localhost,port=3306,localPort=0,schema=null]
05/06 10:00:54.154   INFO [AIOExecutor1] (AbstractConnection.java:361) -close connection,reason:hearbeat connecterr [thread=AIOExecutor1,class=MySQLDetector,host=localhost,port=3306,localPort=0,schema=null]
05/06 10:00:55.184   INFO [AIOExecutor0] (AbstractConnection.java:361) -close connection,reason:hearbeat connecterr [thread=AIOExecutor0,class=MySQLDetector,host=localhost,port=3306,localPort=0,schema=null]
05/06 10:01:01.052   INFO [AIOExecutor1] (AbstractConnection.java:361) -close connection,reason:hearbeat connecterr [thread=AIOExecutor1,class=MySQLDetector,host=localhost,port=3306,localPort=0,schema=null]
